
Showing logs for build [32mcb-kubecd-environment-pr-531-5-xcbmd-1[0m stage [32mfrom-build-pack[0m and container [32mstep-credential-initializer-qbqxl[0m
{"level":"info","ts":1589931288.1463547,"logger":"fallback-logger","caller":"logging/config.go:69","msg":"Fetch GitHub commit ID from kodata failed: open /var/run/ko/refs/heads/0.8.0-ns-support: no such file or directory"}
{"level":"info","ts":1589931288.1471493,"logger":"fallback-logger","caller":"creds-init/main.go:40","msg":"Credentials initialized."}

Showing logs for build [32mcb-kubecd-environment-pr-531-5-xcbmd-1[0m stage [32mfrom-build-pack[0m and container [32mstep-working-dir-initializer-c9zn5[0m
{"level":"info","ts":1589931289.1299217,"logger":"fallback-logger","caller":"logging/config.go:69","msg":"Fetch GitHub commit ID from kodata failed: open /var/run/ko/HEAD: no such file or directory"}
{"level":"info","ts":1589931289.1314342,"logger":"fallback-logger","caller":"bash/main.go:64","msg":"Successfully executed command \"sh -c mkdir -p /workspace/source\"; output "}

Showing logs for build [32mcb-kubecd-environment-pr-531-5-xcbmd-1[0m stage [32mfrom-build-pack[0m and container [32mstep-place-tools[0m

Showing logs for build [32mcb-kubecd-environment-pr-531-5-xcbmd-1[0m stage [32mfrom-build-pack[0m and container [32mstep-git-source-cb-kubecd-environment-pr-531-5-xcbmd-7vnl8[0m
{"level":"info","ts":1589931293.2176688,"logger":"fallback-logger","caller":"logging/config.go:69","msg":"Fetch GitHub commit ID from kodata failed: open /var/run/ko/refs/heads/0.8.0-ns-support: no such file or directory"}
{"level":"info","ts":1589931293.851367,"logger":"fallback-logger","caller":"git/git.go:103","msg":"Successfully cloned https://github.com/cb-kubecd/environment-pr-531-5-bdd-frontend-staging.git @ master in path /workspace/source"}

Showing logs for build [32mcb-kubecd-environment-pr-531-5-xcbmd-1[0m stage [32mfrom-build-pack[0m and container [32mstep-git-merge[0m
Using SHAs from PULL_REFS=master:1cf698ccf8819e569fdfe9b9ea05526012f6d984,1:c0c75337ef428afa5fb0edd321c04dd713da8028
DEBUG: LC_ALL=C JX_LOG_LEVEL=error git fetch origin --unshallow c0c75337ef428afa5fb0edd321c04dd713da8028: 1cf698ccf8819e569fdfe9b9ea05526012f6d984:
DEBUG: ran git fetch --unshallow origin c0c75337ef428afa5fb0edd321c04dd713da8028: 1cf698ccf8819e569fdfe9b9ea05526012f6d984: in 
DEBUG: LC_ALL=C JX_LOG_LEVEL=error git branch
DEBUG: JX_LOG_LEVEL=error LC_ALL=C git checkout master
DEBUG: ran git checkout master in 
DEBUG: LC_ALL=C JX_LOG_LEVEL=error git reset --hard 1cf698ccf8819e569fdfe9b9ea05526012f6d984
DEBUG: ran git reset --hard 1cf698ccf8819e569fdfe9b9ea05526012f6d984 in 
DEBUG: LC_ALL=C JX_LOG_LEVEL=error git clean -fd .
DEBUG: ran clean --force -d . in 
DEBUG: JX_LOG_LEVEL=error LC_ALL=C git merge c0c75337ef428afa5fb0edd321c04dd713da8028
DEBUG: ran git merge c0c75337ef428afa5fb0edd321c04dd713da8028 in 
DEBUG: LC_ALL=C JX_LOG_LEVEL=error git log --format=%H%x1f%an%x1f%ae%x1f%cn%x1f%ce%x1f%s%n%b%x1e 1cf698ccf8819e569fdfe9b9ea05526012f6d984..HEAD
Merged SHA c0c75337ef428afa5fb0edd321c04dd713da8028 with commit message 'chore: Promote bdd-nh-1589930271 to version 0.0.1' into base branch master

Showing logs for build [32mcb-kubecd-environment-pr-531-5-xcbmd-1[0m stage [32mfrom-build-pack[0m and container [32mstep-build-helm-build[0m
WARNING: No $CHART_REPOSITORY defined so using the default value of: http://jenkins-x-chartmuseum:8080
Adding missing Helm repo: storage.googleapis.com https://storage.googleapis.com/chartmuseum.jenkins-x.io
WARNING: No secrets found on "helm/repos" due: reading the secret "helm/repos" from vault: no secret "helm/repos" not found in vault
Read credentials for https://storage.googleapis.com/chartmuseum.jenkins-x.io from vault helm/repos
Successfully added Helm repository storage.googleapis.com.
Adding missing Helm repo: jenkins-x-chartmuseum http://jenkins-x-chartmuseum:8080
WARNING: No secrets found on "helm/repos" due: reading the secret "helm/repos" from vault: no secret "helm/repos" not found in vault
Read credentials for http://jenkins-x-chartmuseum:8080 from vault helm/repos
Successfully added Helm repository jenkins-x-chartmuseum.
WARNING: No $CHART_REPOSITORY defined so using the default value of: http://jenkins-x-chartmuseum:8080
Adding missing Helm repo: chartmuseum.jenkins-x.io http://chartmuseum.jenkins-x.io
WARNING: No secrets found on "helm/repos" due: reading the secret "helm/repos" from vault: no secret "helm/repos" not found in vault
Read credentials for http://chartmuseum.jenkins-x.io from vault helm/repos
Successfully added Helm repository chartmuseum.jenkins-x.io.
